<?xml version="1.0" encoding="UTF-8"?>
<!-- Generated by org.testng.reporters.JUnitXMLReporter -->
<testsuite ignored="0" hostname="LTIN192441" failures="0" tests="3" name="Default test" time="286.218" errors="0" timestamp="2024-02-22T18:05:40 IST">
  <testcase classname="testCases.TC_01_Travel" name="travel" time="112.802"/>
  <testcase classname="testCases.TC_01_Travel" name="car" time="83.37"/>
  <testcase classname="testCases.TC_01_Travel" name="health" time="3.392"/>
</testsuite> <!-- Default test -->
