<?xml version="1.0" encoding="UTF-8"?>
<!-- Generated by org.testng.reporters.JUnitXMLReporter -->
<testsuite ignored="4" hostname="LTIN192441" failures="0" tests="20" name="ChromeTest" time="85.867" errors="0" timestamp="2024-03-01T12:12:22 IST">
  <testcase classname="testCases.TC_01_Travel" name="travelCheck" time="14.51"/>
  <testcase classname="testCases.TC_01_Travel" name="countryCheck" time="4.166"/>
  <testcase classname="testCases.TC_01_Travel" name="dateCheck" time="1.316"/>
  <testcase classname="testCases.TC_01_Travel" name="ageCheck" time="1.425"/>
  <testcase classname="testCases.TC_01_Travel" name="medicalCheck" time="0.625"/>
  <testcase classname="testCases.TC_01_Travel" name="mobileCheck" time="21.735"/>
  <testcase classname="testCases.TC_01_Travel" name="travellerCheck" time="1.896"/>
  <testcase classname="testCases.TC_01_Travel" name="planCheck" time="10.4"/>
  <testcase classname="testCases.TC_02_Car" name="carCheck" time="0.671"/>
  <testcase classname="testCases.TC_02_Car" name="newCarCheck" time="3.921"/>
  <testcase classname="testCases.TC_02_Car" name="cityCheck" time="0.618"/>
  <testcase classname="testCases.TC_02_Car" name="vehicleCheck" time="0.261"/>
  <testcase classname="testCases.TC_02_Car" name="brandCheck" time="0.658"/>
  <testcase classname="testCases.TC_02_Car" name="modelCheck" time="0.594"/>
  <testcase classname="testCases.TC_02_Car" name="fuelCheck" time="0.589"/>
  <testcase classname="testCases.TC_02_Car" name="nameCheck" time="0.583"/>
  <testcase classname="testCases.TC_02_Car" name="emailCheck" time="0.444"/>
  <testcase classname="testCases.TC_02_Car" name="mobileCheck" time="1.404"/>
  <testcase classname="testCases.TC_03_Health" name="healthCheck" time="2.421"/>
  <testcase classname="testCases.TC_03_Health" name="menuItemsCheck" time="1.89"/>
  <testcase classname="testBase.BaseClass" name="@AfterTest tearDown" time="0.0">
    <ignored/>
  </testcase> <!-- @AfterTest tearDown -->
  <testcase classname="testBase.BaseClass" name="@AfterTest tearDown" time="0.0">
    <ignored/>
  </testcase> <!-- @AfterTest tearDown -->
  <testcase classname="testBase.BaseClass" name="@BeforeTest setup" time="0.0">
    <ignored/>
  </testcase> <!-- @BeforeTest setup -->
  <testcase classname="testBase.BaseClass" name="@BeforeTest setup" time="0.0">
    <ignored/>
  </testcase> <!-- @BeforeTest setup -->
</testsuite> <!-- ChromeTest -->
