<?xml version="1.0" encoding="UTF-8"?>
<!-- Generated by org.testng.reporters.JUnitXMLReporter -->
<testsuite ignored="4" hostname="LTIN192441" failures="0" tests="20" name="EdgeTest" time="76.807" errors="0" timestamp="2024-03-01T12:13:38 IST">
  <testcase classname="testCases.TC_01_Travel" name="travelCheck" time="0.285"/>
  <testcase classname="testCases.TC_01_Travel" name="countryCheck" time="4.234"/>
  <testcase classname="testCases.TC_01_Travel" name="dateCheck" time="1.77"/>
  <testcase classname="testCases.TC_01_Travel" name="ageCheck" time="1.802"/>
  <testcase classname="testCases.TC_01_Travel" name="medicalCheck" time="0.711"/>
  <testcase classname="testCases.TC_01_Travel" name="mobileCheck" time="21.413"/>
  <testcase classname="testCases.TC_01_Travel" name="travellerCheck" time="1.738"/>
  <testcase classname="testCases.TC_01_Travel" name="planCheck" time="9.691"/>
  <testcase classname="testCases.TC_02_Car" name="carCheck" time="0.623"/>
  <testcase classname="testCases.TC_02_Car" name="newCarCheck" time="4.006"/>
  <testcase classname="testCases.TC_02_Car" name="cityCheck" time="0.375"/>
  <testcase classname="testCases.TC_02_Car" name="vehicleCheck" time="0.214"/>
  <testcase classname="testCases.TC_02_Car" name="brandCheck" time="0.697"/>
  <testcase classname="testCases.TC_02_Car" name="modelCheck" time="0.833"/>
  <testcase classname="testCases.TC_02_Car" name="fuelCheck" time="0.616"/>
  <testcase classname="testCases.TC_02_Car" name="nameCheck" time="0.677"/>
  <testcase classname="testCases.TC_02_Car" name="emailCheck" time="0.405"/>
  <testcase classname="testCases.TC_02_Car" name="mobileCheck" time="1.426"/>
  <testcase classname="testCases.TC_03_Health" name="healthCheck" time="2.94"/>
  <testcase classname="testCases.TC_03_Health" name="menuItemsCheck" time="1.177"/>
  <testcase classname="testBase.BaseClass" name="@AfterTest tearDown" time="0.0">
    <ignored/>
  </testcase> <!-- @AfterTest tearDown -->
  <testcase classname="testBase.BaseClass" name="@AfterTest tearDown" time="0.0">
    <ignored/>
  </testcase> <!-- @AfterTest tearDown -->
  <testcase classname="testBase.BaseClass" name="@BeforeTest setup" time="0.0">
    <ignored/>
  </testcase> <!-- @BeforeTest setup -->
  <testcase classname="testBase.BaseClass" name="@BeforeTest setup" time="0.0">
    <ignored/>
  </testcase> <!-- @BeforeTest setup -->
</testsuite> <!-- EdgeTest -->
