<?xml version="1.0" encoding="UTF-8"?>
<!-- Generated by org.testng.reporters.JUnitXMLReporter -->
<testsuite ignored="4" hostname="LTIN192441" failures="0" tests="20" name="Test" time="175.06" errors="0" timestamp="2024-03-08T09:59:42 IST">
  <testcase classname="testCases.TC_01_Travel" name="travelCheck" time="38.006"/>
  <testcase classname="testCases.TC_01_Travel" name="countryCheck" time="2.135"/>
  <testcase classname="testCases.TC_01_Travel" name="dateCheck" time="1.582"/>
  <testcase classname="testCases.TC_01_Travel" name="ageCheck" time="2.299"/>
  <testcase classname="testCases.TC_01_Travel" name="medicalCheck" time="0.775"/>
  <testcase classname="testCases.TC_01_Travel" name="mobileCheck" time="12.541"/>
  <testcase classname="testCases.TC_01_Travel" name="travellerCheck" time="2.405"/>
  <testcase classname="testCases.TC_01_Travel" name="planCheck" time="11.375"/>
  <testcase classname="testCases.TC_02_Car" name="carCheck" time="0.482"/>
  <testcase classname="testCases.TC_02_Car" name="newCarCheck" time="3.176"/>
  <testcase classname="testCases.TC_02_Car" name="cityCheck" time="0.407"/>
  <testcase classname="testCases.TC_02_Car" name="vehicleCheck" time="0.321"/>
  <testcase classname="testCases.TC_02_Car" name="brandCheck" time="0.289"/>
  <testcase classname="testCases.TC_02_Car" name="modelCheck" time="0.254"/>
  <testcase classname="testCases.TC_02_Car" name="fuelCheck" time="0.307"/>
  <testcase classname="testCases.TC_02_Car" name="nameCheck" time="0.377"/>
  <testcase classname="testCases.TC_02_Car" name="emailCheck" time="10.256"/>
  <testcase classname="testCases.TC_02_Car" name="mobileCheck" time="3.116"/>
  <testcase classname="testCases.TC_03_Health" name="healthCheck" time="2.292"/>
  <testcase classname="testCases.TC_03_Health" name="menuItemsCheck" time="1.537"/>
  <testcase classname="testBase.BaseClass" name="@AfterTest tearDown" time="0.0">
    <ignored/>
  </testcase> <!-- @AfterTest tearDown -->
  <testcase classname="testBase.BaseClass" name="@AfterTest tearDown" time="0.0">
    <ignored/>
  </testcase> <!-- @AfterTest tearDown -->
  <testcase classname="testBase.BaseClass" name="@BeforeTest setup" time="0.0">
    <ignored/>
  </testcase> <!-- @BeforeTest setup -->
  <testcase classname="testBase.BaseClass" name="@BeforeTest setup" time="0.0">
    <ignored/>
  </testcase> <!-- @BeforeTest setup -->
</testsuite> <!-- Test -->
