<?xml version="1.0" encoding="UTF-8"?>
<!-- Generated by org.testng.reporters.JUnitXMLReporter -->
<testsuite ignored="4" hostname="LTIN192441" failures="0" tests="20" name="Test" time="144.86" errors="0" timestamp="2024-02-28T12:59:44 IST">
  <testcase classname="testCases.TC_01_Travel" name="travelCheck" time="2.397"/>
  <testcase classname="testCases.TC_01_Travel" name="countryCheck" time="3.493"/>
  <testcase classname="testCases.TC_01_Travel" name="dateCheck" time="1.005"/>
  <testcase classname="testCases.TC_01_Travel" name="ageCheck" time="1.261"/>
  <testcase classname="testCases.TC_01_Travel" name="medicalCheck" time="0.335"/>
  <testcase classname="testCases.TC_01_Travel" name="mobileCheck" time="20.965"/>
  <testcase classname="testCases.TC_01_Travel" name="travellerCheck" time="30.431"/>
  <testcase classname="testCases.TC_01_Travel" name="planCheck" time="11.781"/>
  <testcase classname="testCases.TC_02_Car" name="carCheck" time="0.25"/>
  <testcase classname="testCases.TC_02_Car" name="newCarCheck" time="7.149"/>
  <testcase classname="testCases.TC_02_Car" name="cityCheck" time="0.164"/>
  <testcase classname="testCases.TC_02_Car" name="vehicleCheck" time="0.172"/>
  <testcase classname="testCases.TC_02_Car" name="brandCheck" time="0.286"/>
  <testcase classname="testCases.TC_02_Car" name="modelCheck" time="0.255"/>
  <testcase classname="testCases.TC_02_Car" name="fuelCheck" time="0.254"/>
  <testcase classname="testCases.TC_02_Car" name="nameCheck" time="0.378"/>
  <testcase classname="testCases.TC_02_Car" name="emailCheck" time="0.309"/>
  <testcase classname="testCases.TC_02_Car" name="mobileCheck" time="1.62"/>
  <testcase classname="testCases.TC_03_Health" name="healthCheck" time="2.46"/>
  <testcase classname="testCases.TC_03_Health" name="menuItemsCheck" time="1.22"/>
  <testcase classname="testBase.BaseClass" name="@BeforeTest setup" time="0.0">
    <ignored/>
  </testcase> <!-- @BeforeTest setup -->
  <testcase classname="testBase.BaseClass" name="@BeforeTest setup" time="0.0">
    <ignored/>
  </testcase> <!-- @BeforeTest setup -->
  <testcase classname="testBase.BaseClass" name="@AfterTest tearDown" time="0.0">
    <ignored/>
  </testcase> <!-- @AfterTest tearDown -->
  <testcase classname="testBase.BaseClass" name="@AfterTest tearDown" time="0.0">
    <ignored/>
  </testcase> <!-- @AfterTest tearDown -->
</testsuite> <!-- Test -->
