<?xml version="1.0" encoding="UTF-8"?>
<testng-results ignored="4" total="24" passed="20" failed="0" skipped="0">
  <reporter-output>
  </reporter-output>
  <suite started-at="2024-03-08T09:56:47 IST" name="Suite" finished-at="2024-03-08T09:59:42 IST" duration-ms="175060">
    <groups>
      <group name="regression">
        <method signature="TC_01_Travel.dateCheck()[pri:3, instance:testCases.TC_01_Travel@3012646b]" name="dateCheck" class="testCases.TC_01_Travel"/>
        <method signature="TC_01_Travel.planCheck()[pri:8, instance:testCases.TC_01_Travel@3012646b]" name="planCheck" class="testCases.TC_01_Travel"/>
        <method signature="TC_01_Travel.travelCheck()[pri:1, instance:testCases.TC_01_Travel@3012646b]" name="travelCheck" class="testCases.TC_01_Travel"/>
        <method signature="TC_01_Travel.travellerCheck()[pri:7, instance:testCases.TC_01_Travel@3012646b]" name="travellerCheck" class="testCases.TC_01_Travel"/>
        <method signature="TC_02_Car.carCheck()[pri:1, instance:testCases.TC_02_Car@4d154ccd]" name="carCheck" class="testCases.TC_02_Car"/>
        <method signature="TC_02_Car.emailCheck()[pri:9, instance:testCases.TC_02_Car@4d154ccd]" name="emailCheck" class="testCases.TC_02_Car"/>
        <method signature="TC_02_Car.nameCheck()[pri:8, instance:testCases.TC_02_Car@4d154ccd]" name="nameCheck" class="testCases.TC_02_Car"/>
        <method signature="TC_03_Health.healthCheck()[pri:1, instance:testCases.TC_03_Health@229c6181]" name="healthCheck" class="testCases.TC_03_Health"/>
        <method signature="TC_03_Health.menuItemsCheck()[pri:2, instance:testCases.TC_03_Health@229c6181]" name="menuItemsCheck" class="testCases.TC_03_Health"/>
      </group> <!-- regression -->
      <group name="sanity">
        <method signature="TC_01_Travel.ageCheck()[pri:4, instance:testCases.TC_01_Travel@3012646b]" name="ageCheck" class="testCases.TC_01_Travel"/>
        <method signature="TC_01_Travel.countryCheck()[pri:2, instance:testCases.TC_01_Travel@3012646b]" name="countryCheck" class="testCases.TC_01_Travel"/>
        <method signature="TC_01_Travel.medicalCheck()[pri:5, instance:testCases.TC_01_Travel@3012646b]" name="medicalCheck" class="testCases.TC_01_Travel"/>
        <method signature="TC_01_Travel.mobileCheck()[pri:6, instance:testCases.TC_01_Travel@3012646b]" name="mobileCheck" class="testCases.TC_01_Travel"/>
        <method signature="TC_02_Car.brandCheck()[pri:5, instance:testCases.TC_02_Car@4d154ccd]" name="brandCheck" class="testCases.TC_02_Car"/>
        <method signature="TC_02_Car.cityCheck()[pri:3, instance:testCases.TC_02_Car@4d154ccd]" name="cityCheck" class="testCases.TC_02_Car"/>
        <method signature="TC_02_Car.fuelCheck()[pri:7, instance:testCases.TC_02_Car@4d154ccd]" name="fuelCheck" class="testCases.TC_02_Car"/>
        <method signature="TC_02_Car.mobileCheck()[pri:10, instance:testCases.TC_02_Car@4d154ccd]" name="mobileCheck" class="testCases.TC_02_Car"/>
        <method signature="TC_02_Car.modelCheck()[pri:6, instance:testCases.TC_02_Car@4d154ccd]" name="modelCheck" class="testCases.TC_02_Car"/>
        <method signature="TC_02_Car.newCarCheck()[pri:2, instance:testCases.TC_02_Car@4d154ccd]" name="newCarCheck" class="testCases.TC_02_Car"/>
        <method signature="TC_02_Car.vehicleCheck()[pri:4, instance:testCases.TC_02_Car@4d154ccd]" name="vehicleCheck" class="testCases.TC_02_Car"/>
      </group> <!-- sanity -->
    </groups>
    <test started-at="2024-03-08T09:56:47 IST" name="Test" finished-at="2024-03-08T09:59:42 IST" duration-ms="175060">
      <class name="testCases.TC_02_Car">
        <test-method signature="carCheck()[pri:1, instance:testCases.TC_02_Car@4d154ccd]" started-at="2024-03-08T09:59:10 IST" name="carCheck" finished-at="2024-03-08T09:59:10 IST" duration-ms="482" status="PASS">
          <reporter-output>
          </reporter-output>
        </test-method> <!-- carCheck -->
        <test-method signature="newCarCheck()[pri:2, instance:testCases.TC_02_Car@4d154ccd]" started-at="2024-03-08T09:59:10 IST" name="newCarCheck" finished-at="2024-03-08T09:59:14 IST" duration-ms="3176" status="PASS">
          <reporter-output>
          </reporter-output>
        </test-method> <!-- newCarCheck -->
        <test-method signature="cityCheck()[pri:3, instance:testCases.TC_02_Car@4d154ccd]" started-at="2024-03-08T09:59:14 IST" name="cityCheck" finished-at="2024-03-08T09:59:14 IST" duration-ms="407" status="PASS">
          <reporter-output>
          </reporter-output>
        </test-method> <!-- cityCheck -->
        <test-method signature="vehicleCheck()[pri:4, instance:testCases.TC_02_Car@4d154ccd]" started-at="2024-03-08T09:59:15 IST" name="vehicleCheck" finished-at="2024-03-08T09:59:15 IST" duration-ms="321" status="PASS">
          <reporter-output>
          </reporter-output>
        </test-method> <!-- vehicleCheck -->
        <test-method signature="brandCheck()[pri:5, instance:testCases.TC_02_Car@4d154ccd]" started-at="2024-03-08T09:59:16 IST" name="brandCheck" finished-at="2024-03-08T09:59:16 IST" duration-ms="289" status="PASS">
          <reporter-output>
          </reporter-output>
        </test-method> <!-- brandCheck -->
        <test-method signature="modelCheck()[pri:6, instance:testCases.TC_02_Car@4d154ccd]" started-at="2024-03-08T09:59:16 IST" name="modelCheck" finished-at="2024-03-08T09:59:17 IST" duration-ms="254" status="PASS">
          <reporter-output>
          </reporter-output>
        </test-method> <!-- modelCheck -->
        <test-method signature="fuelCheck()[pri:7, instance:testCases.TC_02_Car@4d154ccd]" started-at="2024-03-08T09:59:17 IST" name="fuelCheck" finished-at="2024-03-08T09:59:17 IST" duration-ms="307" status="PASS">
          <reporter-output>
          </reporter-output>
        </test-method> <!-- fuelCheck -->
        <test-method signature="nameCheck()[pri:8, instance:testCases.TC_02_Car@4d154ccd]" started-at="2024-03-08T09:59:17 IST" name="nameCheck" finished-at="2024-03-08T09:59:18 IST" duration-ms="377" status="PASS">
          <reporter-output>
          </reporter-output>
        </test-method> <!-- nameCheck -->
        <test-method signature="emailCheck()[pri:9, instance:testCases.TC_02_Car@4d154ccd]" started-at="2024-03-08T09:59:18 IST" name="emailCheck" finished-at="2024-03-08T09:59:28 IST" duration-ms="10256" status="PASS">
          <reporter-output>
          </reporter-output>
        </test-method> <!-- emailCheck -->
        <test-method signature="mobileCheck()[pri:10, instance:testCases.TC_02_Car@4d154ccd]" started-at="2024-03-08T09:59:29 IST" name="mobileCheck" finished-at="2024-03-08T09:59:32 IST" duration-ms="3116" status="PASS">
          <reporter-output>
          </reporter-output>
        </test-method> <!-- mobileCheck -->
      </class> <!-- testCases.TC_02_Car -->
      <class name="testCases.TC_03_Health">
        <test-method signature="healthCheck()[pri:1, instance:testCases.TC_03_Health@229c6181]" started-at="2024-03-08T09:59:32 IST" name="healthCheck" finished-at="2024-03-08T09:59:34 IST" duration-ms="2292" status="PASS">
          <reporter-output>
          </reporter-output>
        </test-method> <!-- healthCheck -->
        <test-method signature="menuItemsCheck()[pri:2, instance:testCases.TC_03_Health@229c6181]" started-at="2024-03-08T09:59:35 IST" name="menuItemsCheck" finished-at="2024-03-08T09:59:36 IST" duration-ms="1537" status="PASS">
          <reporter-output>
          </reporter-output>
        </test-method> <!-- menuItemsCheck -->
      </class> <!-- testCases.TC_03_Health -->
      <class name="testCases.TC_01_Travel">
        <test-method is-config="true" signature="setup(java.lang.String,java.lang.String)[pri:0, instance:testCases.TC_01_Travel@3012646b]" started-at="2024-03-08T09:56:49 IST" name="setup" finished-at="2024-03-08T09:57:52 IST" duration-ms="62649" status="PASS">
          <params>
            <param index="0">
              <value>
                <![CDATA[windows]]>
              </value>
            </param>
            <param index="1">
              <value>
                <![CDATA[chrome]]>
              </value>
            </param>
          </params>
          <reporter-output>
          </reporter-output>
        </test-method> <!-- setup -->
        <test-method signature="travelCheck()[pri:1, instance:testCases.TC_01_Travel@3012646b]" started-at="2024-03-08T09:57:52 IST" name="travelCheck" finished-at="2024-03-08T09:58:30 IST" duration-ms="38006" status="PASS">
          <reporter-output>
          </reporter-output>
        </test-method> <!-- travelCheck -->
        <test-method signature="countryCheck()[pri:2, instance:testCases.TC_01_Travel@3012646b]" started-at="2024-03-08T09:58:33 IST" name="countryCheck" finished-at="2024-03-08T09:58:36 IST" duration-ms="2135" status="PASS">
          <reporter-output>
          </reporter-output>
        </test-method> <!-- countryCheck -->
        <test-method signature="dateCheck()[pri:3, instance:testCases.TC_01_Travel@3012646b]" started-at="2024-03-08T09:58:36 IST" name="dateCheck" finished-at="2024-03-08T09:58:38 IST" duration-ms="1582" status="PASS">
          <reporter-output>
          </reporter-output>
        </test-method> <!-- dateCheck -->
        <test-method signature="ageCheck()[pri:4, instance:testCases.TC_01_Travel@3012646b]" started-at="2024-03-08T09:58:38 IST" name="ageCheck" finished-at="2024-03-08T09:58:40 IST" duration-ms="2299" status="PASS">
          <reporter-output>
          </reporter-output>
        </test-method> <!-- ageCheck -->
        <test-method signature="medicalCheck()[pri:5, instance:testCases.TC_01_Travel@3012646b]" started-at="2024-03-08T09:58:41 IST" name="medicalCheck" finished-at="2024-03-08T09:58:42 IST" duration-ms="775" status="PASS">
          <reporter-output>
          </reporter-output>
        </test-method> <!-- medicalCheck -->
        <test-method signature="mobileCheck()[pri:6, instance:testCases.TC_01_Travel@3012646b]" started-at="2024-03-08T09:58:42 IST" name="mobileCheck" finished-at="2024-03-08T09:58:55 IST" duration-ms="12541" status="PASS">
          <reporter-output>
          </reporter-output>
        </test-method> <!-- mobileCheck -->
        <test-method signature="travellerCheck()[pri:7, instance:testCases.TC_01_Travel@3012646b]" started-at="2024-03-08T09:58:55 IST" name="travellerCheck" finished-at="2024-03-08T09:58:57 IST" duration-ms="2405" status="PASS">
          <reporter-output>
          </reporter-output>
        </test-method> <!-- travellerCheck -->
        <test-method signature="planCheck()[pri:8, instance:testCases.TC_01_Travel@3012646b]" started-at="2024-03-08T09:58:58 IST" name="planCheck" finished-at="2024-03-08T09:59:09 IST" duration-ms="11375" status="PASS">
          <reporter-output>
          </reporter-output>
        </test-method> <!-- planCheck -->
        <test-method is-config="true" signature="tearDown()[pri:0, instance:testCases.TC_01_Travel@3012646b]" started-at="2024-03-08T09:59:37 IST" name="tearDown" finished-at="2024-03-08T09:59:42 IST" duration-ms="5541" status="PASS">
          <reporter-output>
          </reporter-output>
        </test-method> <!-- tearDown -->
      </class> <!-- testCases.TC_01_Travel -->
    </test> <!-- Test -->
  </suite> <!-- Suite -->
</testng-results>
